<?xml version="1.0" encoding="UTF-8" standalone="no"?>
<!DOCTYPE log SYSTEM "logger.dtd">
<log>
<record>
  <date>2022-06-26T22:07:26.301288800Z</date>
  <millis>1656281246301</millis>
  <nanos>288800</nanos>
  <sequence>0</sequence>
  <logger>org.unibl.etf.Main</logger>
  <level>INFO</level>
  <class>org.unibl.etf.Main</class>
  <method>start</method>
  <thread>19</thread>
  <message>org.unibl.etf.exceptions.ConfigException: Row size or column size must be equal or greater to 7 and lower or equal to 10!</message>
  <exception>
    <message>org.unibl.etf.exceptions.ConfigException: Row size or column size must be equal or greater to 7 and lower or equal to 10!</message>
    <frame>
      <class>org.unibl.etf.util.ConfigReader</class>
      <method>readConfiguration</method>
      <line>47</line>
    </frame>
    <frame>
      <class>org.unibl.etf.Main</class>
      <method>start</method>
      <line>30</line>
    </frame>
    <frame>
      <class>com.sun.javafx.application.LauncherImpl</class>
      <method>lambda$launchApplication1$9</method>
      <line>846</line>
    </frame>
    <frame>
      <class>com.sun.javafx.application.PlatformImpl</class>
      <method>lambda$runAndWait$12</method>
      <line>474</line>
    </frame>
    <frame>
      <class>com.sun.javafx.application.PlatformImpl</class>
      <method>lambda$runLater$10</method>
      <line>447</line>
    </frame>
    <frame>
      <class>java.security.AccessController</class>
      <method>doPrivileged</method>
      <line>391</line>
    </frame>
    <frame>
      <class>com.sun.javafx.application.PlatformImpl</class>
      <method>lambda$runLater$11</method>
      <line>446</line>
    </frame>
    <frame>
      <class>com.sun.glass.ui.InvokeLaterDispatcher$Future</class>
      <method>run</method>
      <line>96</line>
    </frame>
    <frame>
      <class>com.sun.glass.ui.win.WinApplication</class>
      <method>_runLoop</method>
    </frame>
    <frame>
      <class>com.sun.glass.ui.win.WinApplication</class>
      <method>lambda$runLoop$3</method>
      <line>174</line>
    </frame>
    <frame>
      <class>java.lang.Thread</class>
      <method>run</method>
      <line>831</line>
    </frame>
  </exception>
</record>
</log>
<?xml version="1.0" encoding="UTF-8" standalone="no"?>
<!DOCTYPE log SYSTEM "logger.dtd">
<log>
</log>
<?xml version="1.0" encoding="UTF-8" standalone="no"?>
<!DOCTYPE log SYSTEM "logger.dtd">
<log>
</log>
<?xml version="1.0" encoding="UTF-8" standalone="no"?>
<!DOCTYPE log SYSTEM "logger.dtd">
<log>
</log>
